<?xml version="1.0" encoding="UTF-8"?>
<coverage generated="1592387758155" clover="3.2.0">
  <project timestamp="1592387758155" name="All files">
    <metrics statements="24" coveredstatements="24" conditionals="10" coveredconditionals="10" methods="4" coveredmethods="4" elements="38" coveredelements="38" complexity="0" loc="24" ncloc="24" packages="1" files="2" classes="2"/>
    <file name="index.js" path="/Users/akula/WebstormProjects/frontend-project-lvl2/bin/index.js">
      <metrics statements="16" coveredstatements="16" conditionals="6" coveredconditionals="6" methods="3" coveredmethods="3"/>
      <line num="11" count="1" type="stmt"/>
      <line num="12" count="2" type="stmt"/>
      <line num="13" count="2" type="stmt"/>
      <line num="14" count="2" type="stmt"/>
      <line num="15" count="10" type="cond" truecount="2" falsecount="0"/>
      <line num="16" count="2" type="stmt"/>
      <line num="18" count="8" type="cond" truecount="2" falsecount="0"/>
      <line num="19" count="4" type="stmt"/>
      <line num="21" count="4" type="cond" truecount="2" falsecount="0"/>
      <line num="22" count="2" type="stmt"/>
      <line num="24" count="2" type="stmt"/>
      <line num="26" count="2" type="stmt"/>
      <line num="29" count="1" type="stmt"/>
      <line num="30" count="2" type="stmt"/>
      <line num="31" count="2" type="stmt"/>
      <line num="32" count="2" type="stmt"/>
    </file>
    <file name="parsers.js" path="/Users/akula/WebstormProjects/frontend-project-lvl2/bin/parsers.js">
      <metrics statements="8" coveredstatements="8" conditionals="4" coveredconditionals="4" methods="1" coveredmethods="1"/>
      <line num="5" count="1" type="stmt"/>
      <line num="6" count="4" type="stmt"/>
      <line num="7" count="4" type="stmt"/>
      <line num="9" count="4" type="cond" truecount="2" falsecount="0"/>
      <line num="10" count="2" type="stmt"/>
      <line num="12" count="4" type="cond" truecount="2" falsecount="0"/>
      <line num="13" count="2" type="stmt"/>
      <line num="15" count="4" type="stmt"/>
    </file>
  </project>
</coverage>
