TN:
SF:bin/index.js
FN:11,(anonymous_0)
FN:14,(anonymous_1)
FN:29,(anonymous_2)
FNF:3
FNH:3
FNDA:2,(anonymous_0)
FNDA:10,(anonymous_1)
FNDA:2,(anonymous_2)
DA:11,1
DA:12,2
DA:13,2
DA:14,2
DA:15,10
DA:16,2
DA:18,8
DA:19,4
DA:21,4
DA:22,2
DA:24,2
DA:26,2
DA:29,1
DA:30,2
DA:31,2
DA:32,2
LF:16
LH:16
BRDA:15,0,0,2
BRDA:15,0,1,8
BRDA:18,1,0,4
BRDA:18,1,1,4
BRDA:21,2,0,2
BRDA:21,2,1,2
BRF:6
BRH:6
end_of_record
TN:
SF:bin/parsers.js
FN:5,(anonymous_0)
FNF:1
FNH:1
FNDA:4,(anonymous_0)
DA:5,1
DA:6,4
DA:7,4
DA:9,4
DA:10,2
DA:12,4
DA:13,2
DA:15,4
LF:8
LH:8
BRDA:9,0,0,2
BRDA:9,0,1,2
BRDA:12,1,0,2
BRDA:12,1,1,2
BRF:4
BRH:4
end_of_record
